Test Case No:1
k:9 count:210 cost:269
(0,0)->(1,0)->(2,0)->(2,1)->(3,1)->(3,2)->(3,3)->(3,4)->(3,5)->(3,6)->(4,6)

Test Case No:2
k:2 count:70 cost:381
(0,0)->(1,0)->(2,0)->(3,0)->(3,1)->(3,2)->(3,3)->(3,4)->(4,4)->(4,5)->(4,6)
k:3 count:70 cost:379
(0,0)->(0,1)->(1,1)->(1,2)->(2,2)->(2,3)->(2,4)->(3,4)->(4,4)->(4,5)->(4,6)
k:4 count:45 cost:323
(0,0)->(0,1)->(0,2)->(1,2)->(2,2)->(2,3)->(2,4)->(3,4)->(4,4)->(4,5)->(4,6)
k:5 count:20 cost:351
(0,0)->(0,1)->(0,2)->(1,2)->(2,2)->(2,3)->(3,3)->(3,4)->(4,4)->(4,5)->(4,6)
k:6 count:5 cost:375
(0,0)->(0,1)->(0,2)->(1,2)->(2,2)->(2,3)->(3,3)->(4,3)->(4,4)->(4,5)->(4,6)

Test Case No:3
k:0 count:157 cost:569
(0,0)->(1,0)->(2,0)->(3,0)->(3,1)->(3,2)->(4,2)->(4,3)->(4,4)->(4,5)->(4,6)->(5,6)->(5,7)
k:1 count:157 cost:522
(0,0)->(0,1)->(1,1)->(1,2)->(2,2)->(2,3)->(3,3)->(4,3)->(4,4)->(4,5)->(4,6)->(5,6)->(5,7)
k:2 count:114 cost:479
(0,0)->(0,1)->(1,1)->(1,2)->(1,3)->(2,3)->(3,3)->(4,3)->(4,4)->(4,5)->(4,6)->(5,6)->(5,7)
k:3 count:89 cost:488
(0,0)->(0,1)->(0,2)->(1,2)->(1,3)->(2,3)->(3,3)->(4,3)->(4,4)->(4,5)->(4,6)->(5,6)->(5,7)
k:4 count:83 cost:469
(0,0)->(0,1)->(0,2)->(0,3)->(0,4)->(1,4)->(2,4)->(3,4)->(4,4)->(4,5)->(4,6)->(5,6)->(5,7)
k:5 count:62 cost:440
(0,0)->(0,1)->(0,2)->(0,3)->(0,4)->(1,4)->(1,5)->(2,5)->(3,5)->(4,5)->(4,6)->(5,6)->(5,7)
k:6 count:44 cost:416
(0,0)->(0,1)->(0,2)->(0,3)->(0,4)->(1,4)->(1,5)->(2,5)->(3,5)->(3,6)->(4,6)->(5,6)->(5,7)
k:7 count:39 cost:466
(0,0)->(0,1)->(0,2)->(0,3)->(0,4)->(1,4)->(1,5)->(2,5)->(2,6)->(3,6)->(4,6)->(5,6)->(5,7)
k:8 count:27 cost:435
(0,0)->(0,1)->(0,2)->(0,3)->(0,4)->(1,4)->(1,5)->(1,6)->(2,6)->(3,6)->(4,6)->(5,6)->(5,7)
k:9 count:14 cost:499
(0,0)->(0,1)->(0,2)->(0,3)->(0,4)->(1,4)->(1,5)->(1,6)->(2,6)->(3,6)->(4,6)->(4,7)->(5,7)
k:10 count:5 cost:526
(0,0)->(0,1)->(0,2)->(0,3)->(0,4)->(1,4)->(1,5)->(1,6)->(2,6)->(3,6)->(3,7)->(4,7)->(5,7)
k:11 count:1 cost:591
(0,0)->(0,1)->(0,2)->(0,3)->(1,3)->(1,4)->(1,5)->(1,6)->(2,6)->(3,6)->(3,7)->(4,7)->(5,7)

Test Case No:4
k:5 count:22 cost:591
(0,0)->(0,1)->(1,1)->(1,2)->(2,2)->(2,3)->(2,4)->(3,4)->(4,4)->(4,5)->(4,6)->(4,7)->(5,7)
k:6 count:158 cost:473
(0,0)->(0,1)->(1,1)->(1,2)->(2,2)->(3,2)->(3,3)->(4,3)->(4,4)->(4,5)->(4,6)->(4,7)->(5,7)
k:7 count:268 cost:452
(0,0)->(0,1)->(0,2)->(1,2)->(2,2)->(3,2)->(3,3)->(4,3)->(4,4)->(4,5)->(4,6)->(4,7)->(5,7)
k:8 count:236 cost:497
(0,0)->(1,0)->(2,0)->(2,1)->(3,1)->(3,2)->(3,3)->(4,3)->(4,4)->(4,5)->(4,6)->(4,7)->(5,7)
k:9 count:103 cost:547
(0,0)->(0,1)->(0,2)->(0,3)->(0,4)->(0,5)->(0,6)->(1,6)->(2,6)->(3,6)->(4,6)->(4,7)->(5,7)
k:10 count:5 cost:656
(0,0)->(1,0)->(2,0)->(2,1)->(3,1)->(3,2)->(4,2)->(5,2)->(5,3)->(5,4)->(5,5)->(5,6)->(5,7)

Test Case No:5
k:0 count:792 cost:405
(0,0)->(1,0)->(1,1)->(2,1)->(2,2)->(2,3)->(2,4)->(3,4)->(4,4)->(4,5)->(5,5)->(5,6)->(5,7)

