Test Case No:1
k:1 count:35563 cost:2393
(0,0)->(0,1)->(0,2)->(1,2)->(2,2)->(3,2)->(3,3)->(4,3)->(5,3)->(5,4)->(5,5)->(6,5)->(6,6)->(6,7)->(6,8)->(6,9)->(7,9)->(7,10)->(8,10)->(8,11)->(8,12)->(9,12)->(9,13)->(9,14)->(9,15)->(9,16)->(9,17)->(10,17)->(10,18)->(10,19)->(10,20)->(10,21)->(11,21)->(12,21)->(12,22)->(13,22)->(13,23)->(13,24)->(13,25)->(14,25)->(15,25)->(16,25)->(17,25)->(18,25)->(18,26)->(18,27)->(19,27)->(20,27)->(20,28)->(21,28)->(22,28)->(22,29)->(22,30)->(23,30)->(24,30)->(24,31)->(25,31)->(25,32)->(25,33)->(26,33)->(26,34)->(26,35)->(26,36)->(27,36)->(28,36)->(29,36)->(29,37)->(29,38)->(29,39)
k:2 count:84419 cost:2243
(0,0)->(0,1)->(0,2)->(1,2)->(2,2)->(3,2)->(3,3)->(4,3)->(5,3)->(5,4)->(5,5)->(6,5)->(6,6)->(6,7)->(7,7)->(7,8)->(7,9)->(7,10)->(8,10)->(8,11)->(8,12)->(9,12)->(9,13)->(9,14)->(9,15)->(9,16)->(9,17)->(10,17)->(10,18)->(10,19)->(10,20)->(10,21)->(11,21)->(12,21)->(12,22)->(13,22)->(13,23)->(13,24)->(13,25)->(14,25)->(15,25)->(16,25)->(17,25)->(18,25)->(18,26)->(18,27)->(19,27)->(20,27)->(20,28)->(21,28)->(22,28)->(22,29)->(22,30)->(23,30)->(24,30)->(24,31)->(25,31)->(25,32)->(25,33)->(26,33)->(26,34)->(26,35)->(26,36)->(27,36)->(28,36)->(29,36)->(29,37)->(29,38)->(29,39)
k:3 count:81250 cost:2172
(0,0)->(0,1)->(0,2)->(1,2)->(2,2)->(3,2)->(3,3)->(4,3)->(5,3)->(5,4)->(5,5)->(6,5)->(6,6)->(6,7)->(7,7)->(7,8)->(7,9)->(7,10)->(8,10)->(8,11)->(8,12)->(9,12)->(9,13)->(9,14)->(9,15)->(9,16)->(9,17)->(10,17)->(10,18)->(10,19)->(10,20)->(10,21)->(10,22)->(10,23)->(10,24)->(11,24)->(12,24)->(13,24)->(13,25)->(14,25)->(15,25)->(16,25)->(17,25)->(18,25)->(18,26)->(18,27)->(19,27)->(20,27)->(20,28)->(21,28)->(22,28)->(22,29)->(22,30)->(23,30)->(24,30)->(24,31)->(25,31)->(25,32)->(25,33)->(26,33)->(26,34)->(26,35)->(26,36)->(27,36)->(28,36)->(29,36)->(29,37)->(29,38)->(29,39)
k:4 count:51731 cost:2118
(0,0)->(1,0)->(2,0)->(3,0)->(3,1)->(3,2)->(3,3)->(4,3)->(5,3)->(5,4)->(5,5)->(6,5)->(6,6)->(6,7)->(7,7)->(7,8)->(7,9)->(7,10)->(8,10)->(8,11)->(8,12)->(9,12)->(9,13)->(9,14)->(9,15)->(9,16)->(9,17)->(10,17)->(10,18)->(10,19)->(10,20)->(10,21)->(10,22)->(10,23)->(10,24)->(11,24)->(12,24)->(13,24)->(13,25)->(14,25)->(15,25)->(16,25)->(17,25)->(18,25)->(18,26)->(18,27)->(19,27)->(20,27)->(20,28)->(21,28)->(22,28)->(22,29)->(22,30)->(23,30)->(24,30)->(24,31)->(25,31)->(25,32)->(25,33)->(26,33)->(26,34)->(26,35)->(26,36)->(27,36)->(28,36)->(29,36)->(29,37)->(29,38)->(29,39)
k:5 count:16271 cost:2090
(0,0)->(1,0)->(2,0)->(3,0)->(3,1)->(3,2)->(3,3)->(4,3)->(5,3)->(5,4)->(5,5)->(6,5)->(6,6)->(6,7)->(7,7)->(7,8)->(7,9)->(7,10)->(8,10)->(8,11)->(8,12)->(9,12)->(9,13)->(9,14)->(9,15)->(9,16)->(9,17)->(9,18)->(9,19)->(10,19)->(10,20)->(10,21)->(10,22)->(10,23)->(10,24)->(11,24)->(12,24)->(13,24)->(13,25)->(14,25)->(15,25)->(16,25)->(17,25)->(18,25)->(18,26)->(18,27)->(19,27)->(20,27)->(20,28)->(21,28)->(22,28)->(22,29)->(22,30)->(23,30)->(24,30)->(24,31)->(25,31)->(25,32)->(25,33)->(26,33)->(26,34)->(26,35)->(26,36)->(27,36)->(28,36)->(29,36)->(29,37)->(29,38)->(29,39)
k:6 count:64956 cost:2074
(0,0)->(1,0)->(2,0)->(3,0)->(3,1)->(3,2)->(3,3)->(4,3)->(5,3)->(5,4)->(5,5)->(6,5)->(6,6)->(6,7)->(7,7)->(7,8)->(7,9)->(7,10)->(8,10)->(8,11)->(8,12)->(9,12)->(9,13)->(9,14)->(9,15)->(9,16)->(9,17)->(9,18)->(9,19)->(10,19)->(10,20)->(10,21)->(10,22)->(10,23)->(10,24)->(11,24)->(12,24)->(13,24)->(13,25)->(14,25)->(15,25)->(15,26)->(16,26)->(16,27)->(17,27)->(18,27)->(19,27)->(20,27)->(20,28)->(21,28)->(22,28)->(22,29)->(22,30)->(23,30)->(24,30)->(24,31)->(25,31)->(25,32)->(25,33)->(26,33)->(26,34)->(26,35)->(26,36)->(27,36)->(28,36)->(29,36)->(29,37)->(29,38)->(29,39)
k:7 count:79782 cost:2065
(0,0)->(1,0)->(2,0)->(3,0)->(3,1)->(3,2)->(3,3)->(4,3)->(5,3)->(5,4)->(5,5)->(6,5)->(6,6)->(6,7)->(7,7)->(7,8)->(7,9)->(7,10)->(8,10)->(8,11)->(8,12)->(9,12)->(9,13)->(9,14)->(9,15)->(9,16)->(9,17)->(9,18)->(9,19)->(10,19)->(10,20)->(10,21)->(10,22)->(10,23)->(10,24)->(11,24)->(12,24)->(13,24)->(13,25)->(14,25)->(15,25)->(15,26)->(16,26)->(16,27)->(17,27)->(18,27)->(19,27)->(20,27)->(20,28)->(21,28)->(22,28)->(22,29)->(22,30)->(23,30)->(23,31)->(24,31)->(25,31)->(25,32)->(25,33)->(26,33)->(26,34)->(26,35)->(26,36)->(27,36)->(28,36)->(29,36)->(29,37)->(29,38)->(29,39)
k:8 count:78010 cost:2048
(0,0)->(1,0)->(2,0)->(3,0)->(3,1)->(3,2)->(3,3)->(4,3)->(5,3)->(5,4)->(5,5)->(6,5)->(6,6)->(6,7)->(7,7)->(7,8)->(7,9)->(7,10)->(8,10)->(8,11)->(8,12)->(9,12)->(9,13)->(9,14)->(9,15)->(9,16)->(9,17)->(9,18)->(9,19)->(10,19)->(10,20)->(10,21)->(10,22)->(10,23)->(10,24)->(11,24)->(12,24)->(13,24)->(13,25)->(14,25)->(15,25)->(15,26)->(16,26)->(16,27)->(17,27)->(17,28)->(18,28)->(18,29)->(18,30)->(18,31)->(19,31)->(20,31)->(20,32)->(21,32)->(22,32)->(22,33)->(23,33)->(24,33)->(25,33)->(26,33)->(26,34)->(26,35)->(26,36)->(27,36)->(28,36)->(29,36)->(29,37)->(29,38)->(29,39)
k:9 count:20376 cost:2049
(0,0)->(1,0)->(2,0)->(3,0)->(3,1)->(3,2)->(3,3)->(4,3)->(5,3)->(5,4)->(5,5)->(6,5)->(6,6)->(6,7)->(7,7)->(7,8)->(7,9)->(7,10)->(8,10)->(8,11)->(8,12)->(9,12)->(9,13)->(9,14)->(9,15)->(9,16)->(9,17)->(9,18)->(9,19)->(10,19)->(10,20)->(10,21)->(10,22)->(10,23)->(10,24)->(10,25)->(11,25)->(12,25)->(13,25)->(14,25)->(15,25)->(15,26)->(16,26)->(16,27)->(17,27)->(17,28)->(18,28)->(18,29)->(18,30)->(18,31)->(19,31)->(20,31)->(20,32)->(21,32)->(22,32)->(22,33)->(23,33)->(24,33)->(25,33)->(26,33)->(26,34)->(26,35)->(26,36)->(27,36)->(28,36)->(29,36)->(29,37)->(29,38)->(29,39)
k:10 count:23274 cost:2055
(0,0)->(1,0)->(2,0)->(3,0)->(3,1)->(3,2)->(3,3)->(4,3)->(5,3)->(6,3)->(6,4)->(6,5)->(6,6)->(6,7)->(7,7)->(7,8)->(7,9)->(7,10)->(8,10)->(8,11)->(8,12)->(9,12)->(9,13)->(9,14)->(9,15)->(9,16)->(9,17)->(9,18)->(9,19)->(10,19)->(10,20)->(10,21)->(10,22)->(10,23)->(10,24)->(10,25)->(11,25)->(12,25)->(13,25)->(14,25)->(15,25)->(15,26)->(16,26)->(16,27)->(17,27)->(17,28)->(18,28)->(18,29)->(18,30)->(18,31)->(19,31)->(20,31)->(20,32)->(21,32)->(22,32)->(22,33)->(23,33)->(24,33)->(25,33)->(26,33)->(26,34)->(26,35)->(26,36)->(27,36)->(28,36)->(29,36)->(29,37)->(29,38)->(29,39)
k:11 count:50555 cost:2066
(0,0)->(1,0)->(2,0)->(3,0)->(3,1)->(3,2)->(3,3)->(4,3)->(5,3)->(6,3)->(6,4)->(6,5)->(6,6)->(6,7)->(7,7)->(7,8)->(7,9)->(7,10)->(8,10)->(8,11)->(8,12)->(9,12)->(9,13)->(9,14)->(9,15)->(9,16)->(9,17)->(9,18)->(9,19)->(10,19)->(10,20)->(10,21)->(10,22)->(10,23)->(10,24)->(10,25)->(11,25)->(12,25)->(13,25)->(14,25)->(15,25)->(15,26)->(16,26)->(16,27)->(17,27)->(17,28)->(18,28)->(18,29)->(18,30)->(18,31)->(19,31)->(20,31)->(21,31)->(22,31)->(23,31)->(24,31)->(25,31)->(25,32)->(26,32)->(27,32)->(28,32)->(28,33)->(29,33)->(29,34)->(29,35)->(29,36)->(29,37)->(29,38)->(29,39)
k:12 count:19716 cost:2061
(0,0)->(1,0)->(2,0)->(3,0)->(3,1)->(3,2)->(3,3)->(4,3)->(5,3)->(5,4)->(5,5)->(6,5)->(6,6)->(6,7)->(7,7)->(7,8)->(7,9)->(7,10)->(8,10)->(8,11)->(8,12)->(9,12)->(9,13)->(9,14)->(9,15)->(9,16)->(9,17)->(9,18)->(9,19)->(10,19)->(10,20)->(10,21)->(10,22)->(10,23)->(10,24)->(10,25)->(11,25)->(11,26)->(12,26)->(12,27)->(12,28)->(12,29)->(13,29)->(13,30)->(14,30)->(15,30)->(15,31)->(15,32)->(15,33)->(16,33)->(16,34)->(17,34)->(18,34)->(19,34)->(20,34)->(21,34)->(22,34)->(22,35)->(22,36)->(22,37)->(23,37)->(24,37)->(25,37)->(26,37)->(27,37)->(28,37)->(29,37)->(29,38)->(29,39)
k:13 count:44996 cost:2067
(0,0)->(1,0)->(2,0)->(3,0)->(3,1)->(3,2)->(3,3)->(4,3)->(5,3)->(6,3)->(6,4)->(6,5)->(6,6)->(6,7)->(7,7)->(7,8)->(7,9)->(7,10)->(8,10)->(8,11)->(8,12)->(9,12)->(9,13)->(9,14)->(9,15)->(9,16)->(9,17)->(9,18)->(9,19)->(10,19)->(10,20)->(10,21)->(10,22)->(10,23)->(10,24)->(10,25)->(11,25)->(11,26)->(12,26)->(12,27)->(12,28)->(12,29)->(13,29)->(13,30)->(14,30)->(15,30)->(15,31)->(15,32)->(15,33)->(16,33)->(16,34)->(17,34)->(18,34)->(19,34)->(20,34)->(21,34)->(22,34)->(22,35)->(22,36)->(22,37)->(23,37)->(24,37)->(25,37)->(26,37)->(27,37)->(28,37)->(29,37)->(29,38)->(29,39)
k:14 count:55049 cost:2081
(0,0)->(1,0)->(2,0)->(3,0)->(3,1)->(3,2)->(3,3)->(4,3)->(5,3)->(6,3)->(6,4)->(6,5)->(6,6)->(6,7)->(7,7)->(7,8)->(7,9)->(7,10)->(8,10)->(8,11)->(8,12)->(9,12)->(9,13)->(9,14)->(9,15)->(9,16)->(9,17)->(9,18)->(9,19)->(10,19)->(10,20)->(10,21)->(10,22)->(10,23)->(10,24)->(10,25)->(11,25)->(11,26)->(12,26)->(12,27)->(12,28)->(12,29)->(12,30)->(13,30)->(14,30)->(15,30)->(15,31)->(15,32)->(15,33)->(16,33)->(16,34)->(17,34)->(18,34)->(19,34)->(20,34)->(21,34)->(22,34)->(22,35)->(22,36)->(22,37)->(23,37)->(24,37)->(25,37)->(26,37)->(27,37)->(28,37)->(29,37)->(29,38)->(29,39)
k:15 count:64982 cost:2086
(0,0)->(1,0)->(2,0)->(3,0)->(3,1)->(3,2)->(3,3)->(3,4)->(3,5)->(3,6)->(3,7)->(4,7)->(4,8)->(5,8)->(5,9)->(5,10)->(6,10)->(7,10)->(8,10)->(8,11)->(8,12)->(9,12)->(9,13)->(9,14)->(9,15)->(9,16)->(9,17)->(9,18)->(9,19)->(10,19)->(10,20)->(10,21)->(10,22)->(10,23)->(10,24)->(10,25)->(11,25)->(11,26)->(12,26)->(12,27)->(12,28)->(12,29)->(13,29)->(13,30)->(14,30)->(15,30)->(15,31)->(15,32)->(15,33)->(16,33)->(16,34)->(17,34)->(18,34)->(19,34)->(20,34)->(21,34)->(22,34)->(22,35)->(22,36)->(22,37)->(23,37)->(24,37)->(25,37)->(26,37)->(27,37)->(28,37)->(29,37)->(29,38)->(29,39)
k:16 count:92316 cost:2100
(0,0)->(1,0)->(2,0)->(3,0)->(3,1)->(3,2)->(3,3)->(3,4)->(3,5)->(3,6)->(3,7)->(4,7)->(4,8)->(5,8)->(5,9)->(5,10)->(6,10)->(7,10)->(8,10)->(8,11)->(8,12)->(9,12)->(9,13)->(9,14)->(9,15)->(9,16)->(9,17)->(9,18)->(9,19)->(10,19)->(10,20)->(10,21)->(10,22)->(10,23)->(10,24)->(10,25)->(11,25)->(11,26)->(12,26)->(12,27)->(12,28)->(12,29)->(12,30)->(13,30)->(14,30)->(15,30)->(15,31)->(15,32)->(15,33)->(16,33)->(16,34)->(17,34)->(18,34)->(19,34)->(20,34)->(21,34)->(22,34)->(22,35)->(22,36)->(22,37)->(23,37)->(24,37)->(25,37)->(26,37)->(27,37)->(28,37)->(29,37)->(29,38)->(29,39)
k:17 count:55954 cost:2126
(0,0)->(1,0)->(2,0)->(3,0)->(3,1)->(3,2)->(3,3)->(4,3)->(5,3)->(6,3)->(6,4)->(6,5)->(6,6)->(6,7)->(7,7)->(7,8)->(7,9)->(7,10)->(8,10)->(8,11)->(8,12)->(9,12)->(9,13)->(9,14)->(10,14)->(10,15)->(10,16)->(10,17)->(10,18)->(11,18)->(11,19)->(12,19)->(12,20)->(13,20)->(14,20)->(15,20)->(16,20)->(17,20)->(18,20)->(18,21)->(19,21)->(19,22)->(19,23)->(20,23)->(21,23)->(21,24)->(21,25)->(22,25)->(23,25)->(24,25)->(24,26)->(24,27)->(24,28)->(24,29)->(24,30)->(25,30)->(25,31)->(25,32)->(26,32)->(27,32)->(28,32)->(28,33)->(29,33)->(29,34)->(29,35)->(29,36)->(29,37)->(29,38)->(29,39)
k:18 count:30854 cost:2131
(0,0)->(1,0)->(2,0)->(3,0)->(3,1)->(3,2)->(3,3)->(3,4)->(3,5)->(3,6)->(3,7)->(4,7)->(4,8)->(5,8)->(5,9)->(5,10)->(6,10)->(7,10)->(8,10)->(8,11)->(8,12)->(9,12)->(9,13)->(10,13)->(11,13)->(11,14)->(11,15)->(12,15)->(13,15)->(14,15)->(14,16)->(15,16)->(15,17)->(16,17)->(16,18)->(17,18)->(17,19)->(18,19)->(18,20)->(18,21)->(19,21)->(19,22)->(19,23)->(20,23)->(21,23)->(21,24)->(21,25)->(22,25)->(23,25)->(24,25)->(24,26)->(24,27)->(24,28)->(24,29)->(24,30)->(25,30)->(25,31)->(25,32)->(26,32)->(27,32)->(28,32)->(28,33)->(29,33)->(29,34)->(29,35)->(29,36)->(29,37)->(29,38)->(29,39)
k:19 count:12896 cost:2145
(0,0)->(1,0)->(2,0)->(3,0)->(3,1)->(3,2)->(3,3)->(3,4)->(3,5)->(3,6)->(3,7)->(4,7)->(4,8)->(5,8)->(5,9)->(5,10)->(6,10)->(7,10)->(8,10)->(8,11)->(8,12)->(9,12)->(9,13)->(9,14)->(10,14)->(10,15)->(10,16)->(10,17)->(10,18)->(11,18)->(11,19)->(12,19)->(12,20)->(13,20)->(14,20)->(15,20)->(16,20)->(17,20)->(18,20)->(18,21)->(19,21)->(19,22)->(19,23)->(20,23)->(21,23)->(21,24)->(21,25)->(22,25)->(23,25)->(24,25)->(24,26)->(24,27)->(24,28)->(24,29)->(24,30)->(25,30)->(25,31)->(25,32)->(26,32)->(27,32)->(28,32)->(28,33)->(29,33)->(29,34)->(29,35)->(29,36)->(29,37)->(29,38)->(29,39)
k:20 count:62783 cost:2160
(0,0)->(1,0)->(2,0)->(3,0)->(3,1)->(3,2)->(3,3)->(3,4)->(3,5)->(3,6)->(3,7)->(4,7)->(4,8)->(5,8)->(5,9)->(5,10)->(6,10)->(7,10)->(8,10)->(8,11)->(8,12)->(9,12)->(9,13)->(9,14)->(10,14)->(10,15)->(10,16)->(10,17)->(10,18)->(11,18)->(12,18)->(12,19)->(12,20)->(13,20)->(14,20)->(15,20)->(16,20)->(17,20)->(18,20)->(18,21)->(19,21)->(19,22)->(19,23)->(20,23)->(21,23)->(21,24)->(21,25)->(22,25)->(23,25)->(24,25)->(24,26)->(24,27)->(24,28)->(24,29)->(24,30)->(25,30)->(25,31)->(25,32)->(26,32)->(27,32)->(28,32)->(28,33)->(29,33)->(29,34)->(29,35)->(29,36)->(29,37)->(29,38)->(29,39)
k:21 count:22105 cost:2188
(0,0)->(1,0)->(2,0)->(3,0)->(3,1)->(3,2)->(3,3)->(3,4)->(3,5)->(3,6)->(3,7)->(4,7)->(4,8)->(5,8)->(5,9)->(5,10)->(6,10)->(7,10)->(8,10)->(8,11)->(8,12)->(9,12)->(9,13)->(9,14)->(10,14)->(10,15)->(10,16)->(10,17)->(10,18)->(11,18)->(12,18)->(12,19)->(12,20)->(13,20)->(14,20)->(15,20)->(16,20)->(17,20)->(18,20)->(18,21)->(19,21)->(19,22)->(19,23)->(20,23)->(21,23)->(21,24)->(21,25)->(22,25)->(23,25)->(24,25)->(24,26)->(24,27)->(24,28)->(24,29)->(24,30)->(25,30)->(25,31)->(25,32)->(26,32)->(27,32)->(28,32)->(28,33)->(28,34)->(28,35)->(29,35)->(29,36)->(29,37)->(29,38)->(29,39)
k:22 count:34418 cost:2245
(0,0)->(1,0)->(2,0)->(3,0)->(3,1)->(3,2)->(3,3)->(3,4)->(3,5)->(3,6)->(3,7)->(4,7)->(4,8)->(5,8)->(5,9)->(5,10)->(6,10)->(6,11)->(6,12)->(6,13)->(6,14)->(6,15)->(7,15)->(7,16)->(7,17)->(7,18)->(7,19)->(8,19)->(9,19)->(10,19)->(11,19)->(12,19)->(12,20)->(13,20)->(14,20)->(15,20)->(16,20)->(17,20)->(18,20)->(18,21)->(19,21)->(19,22)->(19,23)->(20,23)->(21,23)->(21,24)->(21,25)->(22,25)->(23,25)->(24,25)->(24,26)->(24,27)->(24,28)->(24,29)->(24,30)->(25,30)->(25,31)->(25,32)->(26,32)->(27,32)->(28,32)->(28,33)->(29,33)->(29,34)->(29,35)->(29,36)->(29,37)->(29,38)->(29,39)
k:23 count:40392 cost:2273
(0,0)->(1,0)->(2,0)->(3,0)->(3,1)->(3,2)->(3,3)->(3,4)->(3,5)->(3,6)->(3,7)->(4,7)->(4,8)->(5,8)->(5,9)->(5,10)->(6,10)->(6,11)->(6,12)->(6,13)->(6,14)->(6,15)->(7,15)->(7,16)->(7,17)->(7,18)->(7,19)->(8,19)->(9,19)->(10,19)->(11,19)->(12,19)->(12,20)->(13,20)->(14,20)->(15,20)->(16,20)->(17,20)->(18,20)->(18,21)->(19,21)->(19,22)->(19,23)->(20,23)->(21,23)->(21,24)->(21,25)->(22,25)->(23,25)->(24,25)->(24,26)->(24,27)->(24,28)->(24,29)->(24,30)->(25,30)->(25,31)->(25,32)->(26,32)->(27,32)->(28,32)->(28,33)->(28,34)->(28,35)->(29,35)->(29,36)->(29,37)->(29,38)->(29,39)
k:24 count:29837 cost:2338
(0,0)->(1,0)->(2,0)->(3,0)->(3,1)->(3,2)->(3,3)->(3,4)->(3,5)->(3,6)->(3,7)->(4,7)->(4,8)->(5,8)->(5,9)->(5,10)->(6,10)->(6,11)->(6,12)->(6,13)->(6,14)->(6,15)->(7,15)->(7,16)->(7,17)->(7,18)->(7,19)->(8,19)->(9,19)->(10,19)->(11,19)->(12,19)->(12,20)->(13,20)->(14,20)->(15,20)->(16,20)->(17,20)->(18,20)->(18,21)->(19,21)->(19,22)->(19,23)->(20,23)->(21,23)->(21,24)->(21,25)->(22,25)->(23,25)->(24,25)->(24,26)->(24,27)->(24,28)->(25,28)->(25,29)->(25,30)->(25,31)->(25,32)->(26,32)->(27,32)->(28,32)->(28,33)->(28,34)->(28,35)->(29,35)->(29,36)->(29,37)->(29,38)->(29,39)
k:25 count:47808 cost:2414
(0,0)->(1,0)->(2,0)->(3,0)->(3,1)->(3,2)->(3,3)->(3,4)->(3,5)->(3,6)->(3,7)->(4,7)->(4,8)->(5,8)->(5,9)->(5,10)->(6,10)->(6,11)->(6,12)->(6,13)->(6,14)->(6,15)->(7,15)->(7,16)->(7,17)->(7,18)->(7,19)->(8,19)->(9,19)->(10,19)->(11,19)->(12,19)->(12,20)->(13,20)->(14,20)->(15,20)->(16,20)->(17,20)->(18,20)->(18,21)->(19,21)->(19,22)->(20,22)->(21,22)->(21,23)->(21,24)->(21,25)->(22,25)->(23,25)->(24,25)->(24,26)->(24,27)->(24,28)->(25,28)->(25,29)->(25,30)->(25,31)->(25,32)->(26,32)->(27,32)->(28,32)->(28,33)->(28,34)->(28,35)->(29,35)->(29,36)->(29,37)->(29,38)->(29,39)
k:26 count:23441 cost:2504
(0,0)->(1,0)->(2,0)->(3,0)->(3,1)->(3,2)->(3,3)->(3,4)->(3,5)->(3,6)->(3,7)->(4,7)->(4,8)->(5,8)->(5,9)->(5,10)->(6,10)->(6,11)->(6,12)->(6,13)->(6,14)->(6,15)->(7,15)->(7,16)->(7,17)->(7,18)->(7,19)->(8,19)->(9,19)->(10,19)->(11,19)->(12,19)->(12,20)->(13,20)->(14,20)->(15,20)->(16,20)->(17,20)->(18,20)->(18,21)->(18,22)->(19,22)->(20,22)->(21,22)->(21,23)->(21,24)->(21,25)->(22,25)->(23,25)->(24,25)->(24,26)->(24,27)->(24,28)->(25,28)->(25,29)->(25,30)->(25,31)->(25,32)->(26,32)->(27,32)->(28,32)->(28,33)->(28,34)->(28,35)->(29,35)->(29,36)->(29,37)->(29,38)->(29,39)
k:27 count:18354 cost:2588
(0,0)->(0,1)->(0,2)->(0,3)->(1,3)->(1,4)->(2,4)->(2,5)->(2,6)->(2,7)->(2,8)->(3,8)->(3,9)->(4,9)->(5,9)->(5,10)->(6,10)->(6,11)->(6,12)->(6,13)->(6,14)->(6,15)->(7,15)->(7,16)->(7,17)->(7,18)->(7,19)->(8,19)->(9,19)->(10,19)->(11,19)->(12,19)->(12,20)->(13,20)->(14,20)->(15,20)->(16,20)->(17,20)->(18,20)->(18,21)->(19,21)->(19,22)->(20,22)->(21,22)->(21,23)->(21,24)->(21,25)->(22,25)->(23,25)->(24,25)->(24,26)->(24,27)->(24,28)->(25,28)->(25,29)->(25,30)->(25,31)->(25,32)->(26,32)->(27,32)->(28,32)->(28,33)->(28,34)->(28,35)->(29,35)->(29,36)->(29,37)->(29,38)->(29,39)
k:28 count:56296 cost:2678
(0,0)->(0,1)->(0,2)->(0,3)->(1,3)->(1,4)->(2,4)->(2,5)->(2,6)->(2,7)->(2,8)->(3,8)->(3,9)->(4,9)->(5,9)->(5,10)->(6,10)->(6,11)->(6,12)->(6,13)->(6,14)->(6,15)->(7,15)->(7,16)->(7,17)->(7,18)->(7,19)->(8,19)->(9,19)->(10,19)->(11,19)->(12,19)->(12,20)->(13,20)->(14,20)->(15,20)->(16,20)->(17,20)->(18,20)->(18,21)->(18,22)->(19,22)->(20,22)->(21,22)->(21,23)->(21,24)->(21,25)->(22,25)->(23,25)->(24,25)->(24,26)->(24,27)->(24,28)->(25,28)->(25,29)->(25,30)->(25,31)->(25,32)->(26,32)->(27,32)->(28,32)->(28,33)->(28,34)->(28,35)->(29,35)->(29,36)->(29,37)->(29,38)->(29,39)
k:30 count:65200 cost:2876
(0,0)->(1,0)->(1,1)->(1,2)->(1,3)->(1,4)->(2,4)->(2,5)->(2,6)->(2,7)->(2,8)->(3,8)->(3,9)->(4,9)->(5,9)->(5,10)->(6,10)->(7,10)->(8,10)->(9,10)->(10,10)->(11,10)->(11,11)->(12,11)->(12,12)->(13,12)->(13,13)->(14,13)->(15,13)->(15,14)->(15,15)->(15,16)->(15,17)->(16,17)->(16,18)->(17,18)->(17,19)->(18,19)->(18,20)->(18,21)->(18,22)->(19,22)->(20,22)->(21,22)->(21,23)->(21,24)->(21,25)->(22,25)->(23,25)->(24,25)->(24,26)->(24,27)->(24,28)->(25,28)->(25,29)->(25,30)->(25,31)->(25,32)->(26,32)->(27,32)->(28,32)->(28,33)->(28,34)->(28,35)->(29,35)->(29,36)->(29,37)->(29,38)->(29,39)
k:31 count:45536 cost:2979
(0,0)->(1,0)->(1,1)->(1,2)->(1,3)->(1,4)->(2,4)->(2,5)->(2,6)->(2,7)->(2,8)->(3,8)->(3,9)->(4,9)->(5,9)->(5,10)->(6,10)->(7,10)->(8,10)->(9,10)->(10,10)->(11,10)->(11,11)->(12,11)->(12,12)->(13,12)->(13,13)->(14,13)->(15,13)->(15,14)->(15,15)->(15,16)->(15,17)->(16,17)->(16,18)->(17,18)->(17,19)->(18,19)->(18,20)->(18,21)->(18,22)->(19,22)->(20,22)->(21,22)->(21,23)->(21,24)->(21,25)->(22,25)->(23,25)->(24,25)->(24,26)->(24,27)->(24,28)->(25,28)->(25,29)->(25,30)->(25,31)->(25,32)->(26,32)->(27,32)->(27,33)->(27,34)->(28,34)->(28,35)->(29,35)->(29,36)->(29,37)->(29,38)->(29,39)
k:32 count:8800 cost:3094
(0,0)->(1,0)->(1,1)->(1,2)->(1,3)->(1,4)->(2,4)->(2,5)->(2,6)->(2,7)->(2,8)->(3,8)->(3,9)->(4,9)->(5,9)->(5,10)->(6,10)->(7,10)->(8,10)->(9,10)->(10,10)->(11,10)->(11,11)->(12,11)->(12,12)->(13,12)->(13,13)->(14,13)->(15,13)->(15,14)->(15,15)->(15,16)->(15,17)->(16,17)->(16,18)->(17,18)->(17,19)->(18,19)->(18,20)->(18,21)->(18,22)->(19,22)->(20,22)->(21,22)->(21,23)->(21,24)->(21,25)->(22,25)->(23,25)->(24,25)->(24,26)->(24,27)->(24,28)->(25,28)->(25,29)->(25,30)->(25,31)->(25,32)->(26,32)->(27,32)->(27,33)->(27,34)->(28,34)->(28,35)->(28,36)->(28,37)->(28,38)->(29,38)->(29,39)

